<?xml version="1.0" encoding="UTF-8"?>
<testsuite name="com.stdev.futurebox.repository.FutureBoxRepositoryTest" tests="1" skipped="0" failures="0" errors="0" timestamp="2024-12-28T16:00:22" hostname="baejunseoui-MacBookPro.local" time="1.961">
  <properties/>
  <testcase name="save()" classname="com.stdev.futurebox.repository.FutureBoxRepositoryTest" time="1.961"/>
  <system-out><![CDATA[01:00:23.153 [Test worker] INFO com.stdev.futurebox.connection.DBConnectionUtil -- get connection=org.postgresql.jdbc.PgConnection@28d6290, class=class org.postgresql.jdbc.PgConnection
01:00:24.054 [Test worker] INFO com.stdev.futurebox.connection.DBConnectionUtil -- get connection=org.postgresql.jdbc.PgConnection@644c78d4, class=class org.postgresql.jdbc.PgConnection
]]></system-out>
  <system-err><![CDATA[]]></system-err>
</testsuite>
